<?xml version="1.0" encoding="UTF-8"?>
<!-- Generated by org.testng.reporters.JUnitReportReporter -->
<testsuite skipped="0" hostname="LAPTOP-5LT1O1K6" name="TestScript.TC_03PurchaseOrder" tests="1" failures="0" timestamp="2021-10-10T18:17:42 IST" time="89.630" errors="0">
  <testcase name="createPurchaseOrder" time="89.630" classname="TestScript.TC_03PurchaseOrder"/>
  <system-out/>
</testsuite> <!-- TestScript.TC_03PurchaseOrder -->
