<?xml version="1.0" encoding="UTF-8"?>
<!-- Generated by org.testng.reporters.JUnitReportReporter -->
<testsuite skipped="0" hostname="LAPTOP-5LT1O1K6" name="TestScript.TC_04PurchaseOrder" tests="1" failures="0" timestamp="2021-10-10T18:21:02 IST" time="78.087" errors="0">
  <testcase name="createPurchaseOrder" time="78.087" classname="TestScript.TC_04PurchaseOrder"/>
  <system-out/>
</testsuite> <!-- TestScript.TC_04PurchaseOrder -->
