<?xml version="1.0" encoding="UTF-8"?>
<!-- Generated by org.testng.reporters.JUnitReportReporter -->
<testsuite skipped="0" hostname="LAPTOP-5LT1O1K6" name="TestScript.TC_02PurchaseOrder" tests="1" failures="0" timestamp="2021-10-10T18:11:25 IST" time="72.091" errors="0">
  <testcase name="createPurchaseOrder" time="72.091" classname="TestScript.TC_02PurchaseOrder"/>
  <system-out/>
</testsuite> <!-- TestScript.TC_02PurchaseOrder -->
