<?xml version="1.0" encoding="UTF-8"?>
<!-- Generated by org.testng.reporters.JUnitReportReporter -->
<testsuite skipped="0" hostname="LAPTOP-5LT1O1K6" name="TestScript.TC_19SelectStatusAsCancelled" tests="1" failures="0" timestamp="2021-10-10T22:20:02 IST" time="41.474" errors="0">
  <testcase name="createPurchaseOrder" time="41.474" classname="TestScript.TC_19SelectStatusAsCancelled"/>
  <system-out/>
</testsuite> <!-- TestScript.TC_19SelectStatusAsCancelled -->
