<?xml version="1.0" encoding="UTF-8"?>
<!-- Generated by org.testng.reporters.JUnitReportReporter -->
<testsuite skipped="0" hostname="LAPTOP-5LT1O1K6" name="TestScript.TC_16SelectStatusAsApproved" tests="1" failures="0" timestamp="2021-10-10T22:20:03 IST" time="52.688" errors="0">
  <testcase name="createPurchaseOrder" time="52.688" classname="TestScript.TC_16SelectStatusAsApproved"/>
  <system-out/>
</testsuite> <!-- TestScript.TC_16SelectStatusAsApproved -->
