<?xml version="1.0" encoding="UTF-8"?>
<!-- Generated by org.testng.reporters.JUnitReportReporter -->
<testsuite skipped="0" hostname="LAPTOP-5LT1O1K6" name="TestScript.PurchaseOrder" tests="1" failures="0" timestamp="2021-10-10T12:14:48 IST" time="250.731" errors="0">
  <testcase name="createPurchaseOrder" time="250.731" classname="TestScript.PurchaseOrder"/>
  <system-out/>
</testsuite> <!-- TestScript.PurchaseOrder -->
