<?xml version="1.0" encoding="UTF-8"?>
<!-- Generated by org.testng.reporters.JUnitReportReporter -->
<testsuite skipped="0" hostname="LAPTOP-5LT1O1K6" name="TestScript.TC_18SelectStatusAsDelieverd" tests="1" failures="0" timestamp="2021-10-10T22:20:03 IST" time="48.082" errors="0">
  <testcase name="createPurchaseOrder" time="48.082" classname="TestScript.TC_18SelectStatusAsDelieverd"/>
  <system-out/>
</testsuite> <!-- TestScript.TC_18SelectStatusAsDelieverd -->
