<?xml version="1.0" encoding="UTF-8"?>
<!-- Generated by org.testng.reporters.JUnitReportReporter -->
<testsuite skipped="0" hostname="LAPTOP-5LT1O1K6" name="TestScript.TC_05PurchaseOrder" tests="1" failures="0" timestamp="2021-10-06T17:21:39 IST" time="70.672" errors="0">
  <testcase name="createPurchaseOrder" time="70.672" classname="TestScript.TC_05PurchaseOrder"/>
  <system-out/>
</testsuite> <!-- TestScript.TC_05PurchaseOrder -->
