<?xml version="1.0" encoding="UTF-8"?>
<!-- Generated by org.testng.reporters.JUnitReportReporter -->
<testsuite skipped="0" hostname="LAPTOP-5LT1O1K6" name="com.crm.contacttest.ContactTest" tests="3" failures="0" timestamp="2021-10-20T13:04:45 IST" time="0.000" errors="0">
  <testcase name="createContactTest" time="0.000" classname="com.crm.contacttest.ContactTest"/>
  <system-out/>
  <testcase name="editContactTest" time="0.000" classname="com.crm.contacttest.ContactTest"/>
  <system-out/>
  <testcase name="deleteContactTest" time="0.000" classname="com.crm.contacttest.ContactTest"/>
  <system-out/>
</testsuite> <!-- com.crm.contacttest.ContactTest -->
