<?xml version="1.0" encoding="UTF-8"?>
<!-- Generated by org.testng.reporters.JUnitReportReporter -->
<testsuite skipped="0" hostname="LAPTOP-5LT1O1K6" name="com.crm.orgTest.OrgTest" tests="2" failures="0" timestamp="2021-10-20T13:04:45 IST" time="0.016" errors="0">
  <testcase name="createOrgTest" time="0.016" classname="com.crm.orgTest.OrgTest"/>
  <system-out/>
  <testcase name="editOrgTest" time="0.000" classname="com.crm.orgTest.OrgTest"/>
  <system-out/>
</testsuite> <!-- com.crm.orgTest.OrgTest -->
