<?xml version="1.0" encoding="UTF-8"?>
<!-- Generated by org.testng.reporters.JUnitReportReporter -->
<testsuite skipped="0" hostname="LAPTOP-5LT1O1K6" name="testScript.TC_01PurchaseDetails" tests="1" failures="0" timestamp="2021-10-01T15:50:30 IST" time="218.419" errors="0">
  <testcase name="createPurchaseOrder5" time="218.419" classname="testScript.TC_01PurchaseDetails"/>
  <system-out/>
</testsuite> <!-- testScript.TC_01PurchaseDetails -->
