<?xml version="1.0" encoding="UTF-8"?>
<!-- Generated by org.testng.reporters.JUnitReportReporter -->
<testsuite skipped="0" hostname="LAPTOP-5LT1O1K6" name="testScript.TC_02PurchaseOrder" tests="1" failures="0" timestamp="2021-10-03T21:30:18 IST" time="118.926" errors="0">
  <testcase name="createPurchaseOrder5" time="118.926" classname="testScript.TC_02PurchaseOrder"/>
  <system-out/>
</testsuite> <!-- testScript.TC_02PurchaseOrder -->
