<?xml version="1.0" encoding="UTF-8"?>
<!-- Generated by org.testng.reporters.JUnitReportReporter -->
<testsuite skipped="0" hostname="LAPTOP-5LT1O1K6" name="testScript.TC_01CreatePurchaseOrderAndSelectStatusAsApproved" tests="1" failures="0" timestamp="2021-10-01T13:03:34 IST" time="69.242" errors="0">
  <testcase name="createPurchaseOrder" time="69.242" classname="testScript.TC_01CreatePurchaseOrderAndSelectStatusAsApproved"/>
  <system-out/>
</testsuite> <!-- testScript.TC_01CreatePurchaseOrderAndSelectStatusAsApproved -->
